#---------------------------changelog: ----------------------------
#
# Versão: 1.0-beta 30/01/2021
#	- Inrterface reformulada
#	  - exibe versão do Windows
#	  - arquitetura do prefix etc.
#	- Adicionado suporte ao VKD3D
#	- Suporte a criação de novos Prefix
# - Bug ao excluir arquivos corrigido (em breve appimage v1.1)
#
# Versão: 0.9.1-beta 26/01/2021
#	- Corrigido dialogos de progresso
#
# Versão: 0.9-beta 25/01/2021
#	- Adicionada suporte ao DXVK.
#	- Adicionada opções para gerenciar WINEPREFIX.
#	- Adicionada opções para gerenciar DXVK.
#	- Correções na GUI
#
# Versão: 0.8-beta 30/11/2021
#	- Adicionada opção para excluir versões instaladas
#
# Versão: 0.7.1-beta 13/11/2021
#
# Versão: 0.7-beta 12/11/2021
#	- Adicionado suporte ao Luxtorpeda (DEV)
#	- UI melhorada
#
# Versão: 0.6.1-beta 07/11/2021
#	- Adicionado parametros de configuração para o aria2c
#	- Configurado "--class" para zenity
#
# Versão: 0.6-beta 06/11/2021
#	- Totalmente reformulado, dando prioridade a GUI e facilidade de uso.
#	- wget trocado pelo aria2c, possibilitando downloads paralelos com multiplas conexões
#
# Versão: 0.5-beta 22/09/2021
#	- Adicionado HELP
#	- Corrigido bug que não mostrava algumas versões especificas, como as wine-ge 6-16
#
# Versão: 0.4-beta 21/09/2021
#	- Adicionada opções longas
#	- Download automatico funcionando
#
# Versão: 0.3-beta 20/09/2021
#	- Reformulação em todo o codigo (opções -c, -d e -u)
#	- Troca parcial do curl pelo lynx
#	- Agora a data do lançamento do wine/proton no GitHub é exibido
#	- Download automatico ( -ud ), indisponivel
#
